This is LuaHBTeX, Version 1.21.0 (TeX Live 2025)  (format=lualatex 2025.3.8)  21 DEC 2025 22:49
 restricted system commands enabled.
**laudes-festivae.tex
(./laudes-festivae.tex
LaTeX2e <2024-11-01> patch level 2
L3 programming layer <2025-01-18>
Lua module: luaotfload 2024-12-03 v3.29 Lua based OpenType font support
Lua module: lualibs 2023-07-13 v2.76 ConTeXt Lua standard libraries.
Lua module: lualibs-extended 2023-07-13 v2.76 ConTeXt Lua libraries -- extended 
collection.
luaotfload | conf : Root cache directory is "/Users/noahlovins/Library/texlive/2
025/texmf-var/luatex-cache/generic/names".
luaotfload | init : Loading fontloader "fontloader-2023-12-28.lua" from kpse-res
olved path "/usr/local/texlive/2025/texmf-dist/tex/luatex/luaotfload/fontloader-
2023-12-28.lua".
Lua-only attribute luaotfload@noligature = 1
luaotfload | init : Context OpenType loader version 3.134
Inserting `luaotfload.node_processor' in `pre_linebreak_filter'.
Inserting `luaotfload.node_processor' in `hpack_filter'.
Inserting `luaotfload.glyph_stream' in `glyph_stream_provider'.
Inserting `luaotfload.define_font' in `define_font'.
Lua-only attribute luaotfload_color_attribute = 2
luaotfload | conf : Root cache directory is "/Users/noahlovins/Library/texlive/2
025/texmf-var/luatex-cache/generic/names".
Inserting `luaotfload.harf.strip_prefix' in `find_opentype_file'.
Inserting `luaotfload.harf.strip_prefix' in `find_truetype_file'.
Removing  `luaotfload.glyph_stream' from `glyph_stream_provider'.
Inserting `luaotfload.harf.glyphstream' in `glyph_stream_provider'.
Inserting `luaotfload.harf.finalize_vlist' in `post_linebreak_filter'.
Inserting `luaotfload.harf.finalize_hlist' in `hpack_filter'.
Inserting `luaotfload.cleanup_files' in `wrapup_run'.
Inserting `luaotfload.harf.finalize_unicode' in `finish_pdffile'.
Inserting `luaotfload.glyphinfo' in `glyph_info'.
Lua-only attribute luaotfload.letterspace_done = 3
Inserting `luaotfload.aux.set_sscale_dimens' in `luaotfload.patch_font'.
Inserting `luaotfload.aux.set_font_index' in `luaotfload.patch_font'.
Inserting `luaotfload.aux.patch_cambria_domh' in `luaotfload.patch_font'.
Inserting `luaotfload.aux.fixup_fontdata' in `luaotfload.patch_font_unsafe'.
Inserting `luaotfload.aux.set_capheight' in `luaotfload.patch_font'.
Inserting `luaotfload.aux.set_xheight' in `luaotfload.patch_font'.
Inserting `luaotfload.rewrite_fontname' in `luaotfload.patch_font'.
Inserting `tracingstacklevels' in `input_level_string'. (/usr/local/texlive/202
5/texmf-dist/tex/latex/base/book.cls
Document Class: book 2024/06/29 v1.4n Standard LaTeX document class
(/usr/local/texlive/2025/texmf-dist/tex/latex/base/bk12.clo
File: bk12.clo 2024/06/29 v1.4n Standard LaTeX file (size option)
luaotfload | db : Font names database loaded from /Users/noahlovins/Library/texl
ive/2025/texmf-var/luatex-cache/generic/names/luaotfload-names.luc.gz)
\c@part=\count194
\c@chapter=\count195
\c@section=\count196
\c@subsection=\count197
\c@subsubsection=\count198
\c@paragraph=\count199
\c@subparagraph=\count266
\c@figure=\count267
\c@table=\count268
\abovecaptionskip=\skip49
\belowcaptionskip=\skip50
\bibindent=\dimen140
)
(./editioludovicana.sty
Package: editioludovicana 

(/usr/local/texlive/2025/texmf-dist/tex/latex/fontspec/fontspec.sty
(/usr/local/texlive/2025/texmf-dist/tex/latex/l3packages/xparse/xparse.sty
(/usr/local/texlive/2025/texmf-dist/tex/latex/l3kernel/expl3.sty
Package: expl3 2025-01-18 L3 programming layer (loader) 

(/usr/local/texlive/2025/texmf-dist/tex/latex/l3backend/l3backend-luatex.def
File: l3backend-luatex.def 2024-05-08 L3 backend support: PDF output (LuaTeX)
\l__color_backend_stack_int=\count269
Inserting `l3color' in `luaotfload.parse_color'.
\l__pdf_internal_box=\box52
))
Package: xparse 2024-08-16 L3 Experimental document command parser
)
Package: fontspec 2024/05/11 v2.9e Font selection for XeLaTeX and LuaLaTeX
Lua module: fontspec 2024/05/11 v2.9e Font selection for XeLaTeX and LuaLaTeX (/usr/local/texlive/2025/texmf-dist/tex/latex/fontspec/fontspec-luatex.sty
Package: fontspec-luatex 2024/05/11 v2.9e Font selection for XeLaTeX and LuaLaT
eX
\l__fontspec_script_int=\count270
\l__fontspec_language_int=\count271
\l__fontspec_strnum_int=\count272
\l__fontspec_tmp_int=\count273
\l__fontspec_tmpa_int=\count274
\l__fontspec_tmpb_int=\count275
\l__fontspec_tmpc_int=\count276
\l__fontspec_em_int=\count277
\l__fontspec_emdef_int=\count278
\l__fontspec_strong_int=\count279
\l__fontspec_strongdef_int=\count280
\l__fontspec_tmpa_dim=\dimen141
\l__fontspec_tmpb_dim=\dimen142
\l__fontspec_tmpc_dim=\dimen143

(/usr/local/texlive/2025/texmf-dist/tex/latex/base/fontenc.sty
Package: fontenc 2021/04/29 v2.0v Standard LaTeX package
)
(/usr/local/texlive/2025/texmf-dist/tex/latex/fontspec/fontspec.cfg)))
luaotfload | cache : Lookup cache loaded from /Users/noahlovins/Library/texlive/
2025/texmf-var/luatex-cache/generic/names/luaotfload-lookup-cache.luc.

Package fontspec Info: 
(fontspec)             Plantin MT Pro scale = 1.1.


Package fontspec Info: 
(fontspec)             Plantin MT Pro scale = 1.1.


Package fontspec Info: 
(fontspec)             Plantin MT Pro scale = 1.1.


Package fontspec Info: 
(fontspec)             Plantin MT Pro/B scale = 1.1.


Package fontspec Info: 
(fontspec)             Plantin MT Pro/I scale = 1.1.


Package fontspec Info: 
(fontspec)             Plantin MT Pro/BI scale = 1.1.


Package fontspec Info: 
(fontspec)             Font family 'PlantinMTPro(0)' created for font 'Plantin
(fontspec)             MT Pro' with options
(fontspec)             [Ligatures=TeX,Ligatures=Rare,Numbers=Proportional,Numbe
rs=OldStyle,Scale=1.1].
(fontspec)              
(fontspec)              This font family consists of the following NFSS
(fontspec)             series/shapes:
(fontspec)              
(fontspec)             - 'normal' (m/n) with NFSS spec.:
(fontspec)             <->s*[1.1]"name:Plantin MT
(fontspec)             Pro:mode=node;script=latn;language=dflt;+tlig;+dlig;+pnu
m;+onum;"
(fontspec)             - 'small caps'  (m/sc) with NFSS spec.:
(fontspec)             <->s*[1.1]"name:Plantin MT
(fontspec)             Pro:mode=node;script=latn;language=dflt;+tlig;+dlig;+pnu
m;+onum;+smcp;"
(fontspec)             - 'bold' (b/n) with NFSS spec.: <->s*[1.1]"name:Plantin
(fontspec)             MT
(fontspec)             Pro/B:mode=node;script=latn;language=dflt;+tlig;+dlig;+p
num;+onum;"
(fontspec)             - 'italic' (m/it) with NFSS spec.:
(fontspec)             <->s*[1.1]"name:Plantin MT
(fontspec)             Pro/I:mode=node;script=latn;language=dflt;+tlig;+dlig;+p
num;+onum;"
(fontspec)             - 'bold italic' (b/it) with NFSS spec.:
(fontspec)             <->s*[1.1]"name:Plantin MT
(fontspec)             Pro/BI:mode=node;script=latn;language=dflt;+tlig;+dlig;+
pnum;+onum;"

LaTeX Font Info:    Font shape `TU/PlantinMTPro(0)/m/n' will be
(Font)              scaled to size 13.20007pt on input line 5.

Package fontspec Info: 
(fontspec)             Could not resolve font "liturgy/BI" (it probably
(fontspec)             doesn't exist).


Package fontspec Info: 
(fontspec)             Could not resolve font "liturgy/B" (it probably doesn't
(fontspec)             exist).


Package fontspec Info: 
(fontspec)             Could not resolve font "liturgy/I" (it probably doesn't
(fontspec)             exist).


Package fontspec Info: 
(fontspec)             Font family 'liturgy(0)' created for font 'liturgy'
(fontspec)             with options [].
(fontspec)              
(fontspec)              This font family consists of the following NFSS
(fontspec)             series/shapes:
(fontspec)              
(fontspec)             - 'normal' (m/n) with NFSS spec.:
(fontspec)             <->"name:liturgy:mode=node;language=dflt;"


(/usr/local/texlive/2025/texmf-dist/tex/latex/lettrine/lettrine.sty
File: lettrine.sty 2025-01-30 v2.80 (Daniel Flipo)

(/usr/local/texlive/2025/texmf-dist/tex/latex/l3packages/xfp/xfp.sty
Package: xfp 2024-08-16 L3 Floating point unit
)
\c@DefaultLines=\count281
\c@DefaultDepth=\count282
\DefaultFindent=\dimen144
\DefaultNindent=\dimen145
\DefaultSlope=\dimen146
\DiscardVskip=\dimen147
\L@lettrine=\box53
\L@lbox=\box54
\L@tbox=\box55
\c@L@lines=\count283
\c@L@depth=\count284
\L@Pindent=\dimen148
\L@Findent=\dimen149
\L@Nindent=\dimen150
\L@lraise=\dimen151
\L@first=\dimen152
\L@next=\dimen153
\L@slope=\dimen154
\L@height=\dimen155
\L@novskip=\dimen156
\L@target@ht=\dimen157
\L@target@dp=\dimen158
\L@target@tht=\dimen159
\LettrineWidth=\dimen160
\LettrineHeight=\dimen161
\LettrineDepth=\dimen162
\L@finalht=\dimen163
\L@finaldp=\dimen164

Loading lettrine.cfg
(/usr/local/texlive/2025/texmf-dist/tex/latex/lettrine/lettrine.cfg)
\Lettrine@tweaks=\toks17
\Llist@everypar=\toks18
)
(/usr/local/texlive/2025/texmf-dist/tex/latex/tools/multicol.sty
Package: multicol 2024/09/14 v1.9i multicolumn formatting (FMi)
\c@tracingmulticols=\count285
\mult@box=\box56
\multicol@leftmargin=\dimen165
\c@unbalance=\count286
\c@collectmore=\count287
\doublecol@number=\count288
\multicoltolerance=\count289
\multicolpretolerance=\count290
\full@width=\dimen166
\page@free=\dimen167
\premulticols=\dimen168
\postmulticols=\dimen169
\multicolsep=\skip51
\multicolbaselineskip=\skip52
\partial@page=\box57
\last@line=\box58
\mc@boxedresult=\box59
\maxbalancingoverflow=\dimen170
\mult@rightbox=\box60
\mult@grightbox=\box61
\mult@firstbox=\box62
\mult@gfirstbox=\box63
\@tempa=\box64
\@tempa=\box65
\@tempa=\box66
\@tempa=\box67
\@tempa=\box68
\@tempa=\box69
\@tempa=\box70
\@tempa=\box71
\@tempa=\box72
\@tempa=\box73
\@tempa=\box74
\@tempa=\box75
\@tempa=\box76
\@tempa=\box77
\@tempa=\box78
\@tempa=\box79
\@tempa=\box80
\@tempa=\box81
\@tempa=\box82
\@tempa=\box83
\@tempa=\box84
\@tempa=\box85
\@tempa=\box86
\@tempa=\box87
\@tempa=\box88
\@tempa=\box89
\@tempa=\box90
\@tempa=\box91
\@tempa=\box92
\@tempa=\box93
\@tempa=\box94
\@tempa=\box95
\@tempa=\box96
\@tempa=\box97
\@tempa=\box98
\@tempa=\box99
\c@minrows=\count291
\c@columnbadness=\count292
\c@finalcolumnbadness=\count293
\last@try=\dimen171
\multicolovershoot=\dimen172
\multicolundershoot=\dimen173
\mult@nat@firstbox=\box100
\colbreak@box=\box101
\mc@col@check@num=\count294
)
(/usr/local/texlive/2025/texmf-dist/tex/lualatex/gregoriotex/gregoriotex.sty
Package: gregoriotex 2025/02/28 v6.1.0 GregorioTeX system.

(/usr/local/texlive/2025/texmf-dist/tex/generic/iftex/iftex.sty
Package: iftex 2024/12/12 v1.0g TeX engine tests
)
(/usr/local/texlive/2025/texmf-dist/tex/latex/xcolor/xcolor.sty
Package: xcolor 2024/09/29 v3.02 LaTeX color extensions (UK)

(/usr/local/texlive/2025/texmf-dist/tex/latex/graphics-cfg/color.cfg
File: color.cfg 2016/01/02 v1.6 sample color configuration
)
Package xcolor Info: Driver file: luatex.def on input line 274.

(/usr/local/texlive/2025/texmf-dist/tex/latex/graphics-def/luatex.def
File: luatex.def 2024/04/13 v1.2e Graphics/color driver for luatex
)
(/usr/local/texlive/2025/texmf-dist/tex/latex/graphics/mathcolor.ltx)
Package xcolor Info: Model `cmy' substituted by `cmy0' on input line 1349.
Package xcolor Info: Model `hsb' substituted by `rgb' on input line 1353.
Package xcolor Info: Model `RGB' extended on input line 1365.
Package xcolor Info: Model `HTML' substituted by `rgb' on input line 1367.
Package xcolor Info: Model `Hsb' substituted by `hsb' on input line 1368.
Package xcolor Info: Model `tHsb' substituted by `hsb' on input line 1369.
Package xcolor Info: Model `HSB' substituted by `hsb' on input line 1370.
Package xcolor Info: Model `Gray' substituted by `gray' on input line 1371.
Package xcolor Info: Model `wave' substituted by `hsb' on input line 1372.
)
(/usr/local/texlive/2025/texmf-dist/tex/latex/luacolor/luacolor.sty
Package: luacolor 2023-08-18 v1.18 Color support via LuaTeX's attributes (HO)
Inserting `luacolor.process' in `pre_shipout_filter'.
\LuaCol@Attribute=\attribute4
)
(/usr/local/texlive/2025/texmf-dist/tex/latex/kvoptions/kvoptions.sty
Package: kvoptions 2022-06-15 v3.15 Key value format for package options (HO)

(/usr/local/texlive/2025/texmf-dist/tex/latex/graphics/keyval.sty
Package: keyval 2022/05/29 v1.15 key=value parser (DPC)
\KV@toks@=\toks19
)
(/usr/local/texlive/2025/texmf-dist/tex/generic/ltxcmds/ltxcmds.sty
Package: ltxcmds 2023-12-04 v1.26 LaTeX kernel commands for general use (HO)
)
(/usr/local/texlive/2025/texmf-dist/tex/latex/kvsetkeys/kvsetkeys.sty
Package: kvsetkeys 2022-10-05 v1.19 Key value parser (HO)
))
(/usr/local/texlive/2025/texmf-dist/tex/latex/graphics/graphicx.sty
Package: graphicx 2021/09/16 v1.2d Enhanced LaTeX Graphics (DPC,SPQR)

(/usr/local/texlive/2025/texmf-dist/tex/latex/graphics/graphics.sty
Package: graphics 2024/08/06 v1.4g Standard LaTeX Graphics (DPC,SPQR)

(/usr/local/texlive/2025/texmf-dist/tex/latex/graphics/trig.sty
Package: trig 2023/12/02 v1.11 sin cos tan (DPC)
)
(/usr/local/texlive/2025/texmf-dist/tex/latex/graphics-cfg/graphics.cfg
File: graphics.cfg 2016/06/04 v1.11 sample graphics configuration
)
Package graphics Info: Driver file: luatex.def on input line 106.
)
\Gin@req@height=\dimen174
\Gin@req@width=\dimen175
)
(/usr/local/texlive/2025/texmf-dist/tex/luatex/luatexbase/luatexbase.sty
Package: luatexbase 2015/10/04 v1.3 luatexbase interface to LuaTeX 

(/usr/local/texlive/2025/texmf-dist/tex/luatex/ctablestack/ctablestack.sty
Package: ctablestack 2015/10/01 v1.0 Catcode table stable support
\@catcodetablestackcnt=\count295
)
\CatcodeTableOther=\catcodetable14
\CatcodeTableExpl=\catcodetable15
)
(/usr/local/texlive/2025/texmf-dist/tex/luatex/luamplib/luamplib.sty
Package: luamplib 2025/02/18 v2.37.1 mplib package for LuaTeX
Lua module: luamplib 2025/02/18 v2.37.1 Lua package to typeset Metapost with Lua
TeX's MPLib.
\luamplibcctabexplat=\catcodetable16
\mplibtmptoks=\toks20
\mplibscratchbox=\box102
)
(/usr/local/texlive/2025/texmf-dist/tex/generic/xstring/xstring.sty
(/usr/local/texlive/2025/texmf-dist/tex/generic/xstring/xstring.tex
\xs_counta=\count296
\xs_countb=\count297
)
Package: xstring 2023/08/22 v1.86 String manipulations (CT)
)
(/usr/local/texlive/2025/texmf-dist/tex/luatex/gregoriotex/gregoriotex-main.tex

(/usr/local/texlive/2025/texmf-dist/tex/luatex/gregoriotex/gregoriotex-common.t
ex
\gre@count@parsecommas@cur=\count298
)
\gre@attr@part=\attribute5
\gre@attr@dash=\attribute6
\gre@attr@center=\attribute7
\GreScoreId=\attribute8
\gre@attr@glyph@id=\attribute9
\gre@attr@glyph@top=\attribute10
\gre@attr@glyph@bottom=\attribute11
\gre@attr@syllable@id=\attribute12
\gre@attr@alteration@id=\attribute13
\gre@attr@alteration@pitch=\attribute14
\gre@attr@alteration@type=\attribute15
\gre@atletter=\catcodetable17
Lua module: gregoriotex 2025/02/28 v6.1.0 GregorioTeX module.
Custom whatsit marker = 1
Module gregoriotex Info: marker whatsit id is 1 on input line 141

(laudes-festivae.gaux)
Module gregoriotex Info: Reading laudes-festivae.gaux on input line 145
Inserting `gregoriotex.write_greaux' in `finish_pdffile'.
\gre@gaux=\write3
\gre@read@temp=\read2
\gre@factor=\count299

(/usr/local/texlive/2025/texmf-dist/tex/luatex/gregoriotex/gregoriotex-spaces.t
ex
\gre@saved@prescore@hyphenpenalty=\count300
\gre@saved@prescore@exhyphenpenalty=\count301
\gre@saved@prescore@exhyphenchar=\count302
\gre@saved@prescore@doublehyphendemerits=\count303
\gre@saved@prescore@finalhyphendemerits=\count304
\gre@saved@prescore@brokenpenalty=\count305
\gre@saved@prescore@looseness=\count306
\gre@saved@prescore@tolerance=\count307
\gre@saved@prescore@pretolerance=\count308
\gre@saved@prescore@emergencystretch=\skip53
\gre@saved@prescore@widowpenalty=\count309
\gre@saved@prescore@clubpenalty=\count310
\gre@saved@prescore@parskip=\skip54
\gre@saved@prescore@lineskip=\skip55
\gre@saved@prescore@baselineskip=\skip56
\gre@saved@prescore@lineskiplimit=\skip57
\gre@dimen@textlower=\dimen176
\gre@dimen@stafflinewidth=\dimen177
\gre@dimen@linewidth=\dimen178
\gre@dimen@stafflineheight=\dimen179
\gre@dimen@interstafflinespace=\dimen180
\gre@dimen@stafflinediff=\dimen181
\gre@dimen@constantglyphraise=\dimen182
\gre@dimen@staffheight=\dimen183
\gre@skip@syllablefinalskip=\skip58
\gre@skip@minTextDistance=\skip59
\gre@skip@minNotesDistance=\skip60
\gre@dimen@curTextDistance=\dimen184
\gre@dimen@curNotesDistance=\dimen185
\gre@skip@minShiftText=\skip61
\gre@skip@minShiftNotes=\skip62
\gre@dimen@bolshift=\dimen186
\gre@dimen@bolextra=\dimen187
\gre@dimen@clefwidth@current=\dimen188
\gre@dimen@clefwidth@largest=\dimen189
\gre@dimen@clefwidth@bol=\dimen190
\gre@dimen@eolshift=\dimen191
\gre@dimen@glyphraisevalue=\dimen192
\gre@dimen@additionalbottomspace=\dimen193
\gre@dimen@additionaltopspace=\dimen194
\gre@dimen@additionaltopspacealt=\dimen195
\gre@dimen@additionaltopspacenabc=\dimen196
\gre@space@count@additionaltopspacethreshold=\count311
\gre@space@count@additionaltopspacealtthreshold=\count312
\gre@space@count@additionaltopspacenabcthreshold=\count313
\gre@space@count@noteadditionalspacelinestextthreshold=\count314
\gre@saved@prediscretionary@dimen@additionalbottomspace=\dimen197
\gre@saved@prediscretionary@dimen@additionaltopspace=\dimen198
\gre@saved@prediscretionary@dimen@additionaltopspacealt=\dimen199
\gre@saved@prediscretionary@dimen@additionaltopspacenabc=\dimen256
\gre@saved@prediscretionary@dimen@currenttranslationheight=\dimen257
\gre@saved@prediscretionary@dimen@textlower=\dimen258
\gre@saved@prediscretionary@dimen@currentabovelinestextheight=\dimen259
\gre@saved@prediscretionary@dimen@constantglyphraise=\dimen260
\gre@dimen@textaligncenter=\dimen261
\gre@dimen@enddifference=\dimen262
\gre@dimen@previousenddifference=\dimen263
\gre@dimen@currenttranslationheight=\dimen264
\gre@skip@nextbegindifference=\skip63
\gre@dimen@annotationtrueraise=\dimen265
\gre@dimen@commentarytrueraise=\dimen266
\gre@skip@bar@requirement=\skip64
\gre@skip@bar@allocation=\skip65
\gre@dimen@bar@shift=\dimen267
\gre@skip@text@requirement=\skip66
\gre@skip@text@allocation=\skip67
\gre@dimen@text@shift=\dimen268
\gre@dimen@adjustedpreviousenddifference=\dimen269
\gre@skip@adjustednextbegindifference=\dimen270
\gre@skip@punctummorashift=\skip68
\gre@skip@alterationshift=\skip69
\gre@dimen@begindifference=\dimen271
\gre@dimen@lastglyphwidth=\dimen272
\gre@dimen@notesaligncenter=\dimen273
\gre@dimen@initialwidth=\dimen274
\gre@dimen@currentabovelinestextheight=\dimen275
\gre@dimen@temp@one=\dimen276
\gre@dimen@temp@two=\dimen277
\gre@dimen@temp@three=\dimen278
\gre@dimen@temp@four=\dimen279
\gre@dimen@temp@five=\dimen280
\gre@skip@temp@one=\skip70
\gre@skip@temp@two=\skip71
\gre@skip@temp@three=\skip72
\gre@skip@temp@four=\skip73
\gre@count@temp@one=\count315
\gre@count@temp@two=\count316
\gre@count@temp@three=\count317
\gre@space@count@newlinepenalty=\count318
\gre@space@count@nobreakpenalty=\count319
\gre@space@count@endofwordpenalty=\count320
\gre@space@count@endofsyllablepenalty=\count321
\gre@space@count@endafterbarpenalty=\count322
\gre@space@count@endafterbaraltpenalty=\count323
\gre@space@count@finalpenalty=\count324
\gre@space@count@endofelementpenalty=\count325
\gre@space@count@hyphenpenalty=\count326
\gre@space@count@brokenpenalty=\count327
\gre@space@count@looseness=\count328
\gre@space@count@tolerance=\count329
\gre@space@count@pretolerance=\count330
\gre@space@count@widowpenalty=\count331
\gre@space@count@clubpenalty=\count332
\greconffactor=\count333
)
\gre@box@temp@width=\box103
\gre@box@initial=\box104
\gre@count@initialposition=\count334
\gre@count@initialanchor=\count335
\gre@box@annotation=\box105
\gre@box@add=\box106
\gre@box@old=\box107
\gre@count@annotationvalign=\count336
\gre@box@commentary=\box108
\gre@box@lines=\box109
Module gregoriotex Info: Registering variant font greciliae as gre@font@variant@
A. on input line 865
Module gregoriotex Info: Registering variant font greciliae-hollow as gre@font@v
ariant@B. on input line 865
Module gregoriotex Info: Registering variant font greciliae-hole as gre@font@var
iant@C. on input line 865
Module gregoriotex Info: Mapping font greciliae on input line 870
Module gregoriotex Info: Mapping font greciliae-hollow on input line 870
Module gregoriotex Info: Mapping font greciliae-hole on input line 870

(/usr/local/texlive/2025/texmf-dist/tex/luatex/gregoriotex/gregoriotex-chars.te
x
\gre@box@hep=\box110
)
(/usr/local/texlive/2025/texmf-dist/tex/luatex/gregoriotex/gregoriotex-signs.te
x
\gre@box@temp@clef=\box111
\gre@box@temp@cleftwo=\box112
\greslurheight=\dimen281
\gre@box@temp@sign=\box113
\gre@count@shiftaftermora=\count337
\gre@dimen@morawidth=\dimen282
\gre@skip@bar@lastskip=\skip74
\gre@count@lastglyphiscavum=\count338
)
(/usr/local/texlive/2025/texmf-dist/tex/luatex/gregoriotex/gregoriotex-syllable
.tex
\gre@generate@pointandclick=\count339
\gre@box@syllablenotes=\box114
\gre@box@syllabletext=\box115
\gre@clivisalignment=\count340
\gre@count@unbreakabletotalnotes=\count341
\gre@count@unbreakableinitialnotes=\count342
\gre@count@unbreakablefinalnotes=\count343
\gre@count@syllablenotes=\count344
\gre@count@initiallines=\count345
)
\gre@variableheightexpansion=\count346
\gre@count@stafflines=\count347
\gre@lastoflinecount=\count348
\gre@saved@prenlba@nobreakpenalty=\count349
\gre@saved@prenlba@endofwordpenalty=\count350
\gre@saved@prenlba@endofsyllablepenalty=\count351
\gre@saved@prenlba@endafterbarpenalty=\count352
\gre@saved@prenlba@endafterbaraltpenalty=\count353
\gre@saved@prenlba@endofelementpenalty=\count354
\gre@saved@prenlba@hyphenpenalty=\count355
\gre@lasteuouaeindex=\count356

(/usr/local/texlive/2025/texmf-dist/tex/luatex/gregoriotex/gregoriotex-symbols.
tex
Module gregoriotex Info: Registering variant font greextra as gre@font@variant@D
. on input line 53
)
\gre@dimen@stafflinethicknessbase=\dimen283
\gre@dimen@glyphraisebase=\dimen284
\gre@dimen@interstafflinedistancebase=\dimen285
\gre@dimen@inclinatumonlinemoravshiftbase=\dimen286
\gre@dimen@inclinatumonlinemorahshiftbase=\dimen287
\gre@dimen@inclinatumofflinemorahshiftbase=\dimen288

(/usr/local/texlive/2025/texmf-dist/tex/luatex/gregoriotex/gregoriotex-gsp-defa
ult.tex)
(/usr/local/texlive/2025/texmf-dist/tex/luatex/gregoriotex/gregoriotex-nabc.tex
)))
Module gregoriotex Info: greciliae-hollow : gre@font@variant@B : rescaling greci
liae-hollow to 1800000.0 on input line 16
Module gregoriotex Info: greciliae-hole : gre@font@variant@C : rescaling grecili
ae-hole to 1800000.0 on input line 16
Module gregoriotex Info: greciliae : gre@font@variant@A : rescaling greciliae to
 1800000.0 on input line 16
 (/usr/local/texlive/2025/texmf-dist/tex/latex/fancyhdr/fancyhdr.sty
Package: fancyhdr 2025/02/07 v5.2 Extensive control of page headers and footers

\f@nch@headwidth=\skip75
\f@nch@offset@elh=\skip76
\f@nch@offset@erh=\skip77
\f@nch@offset@olh=\skip78
\f@nch@offset@orh=\skip79
\f@nch@offset@elf=\skip80
\f@nch@offset@erf=\skip81
\f@nch@offset@olf=\skip82
\f@nch@offset@orf=\skip83
\f@nch@height=\skip84
\f@nch@footalignment=\skip85
\f@nch@widthL=\skip86
\f@nch@widthC=\skip87
\f@nch@widthR=\skip88
\@temptokenb=\toks21
))
(/usr/local/texlive/2025/texmf-dist/tex/latex/geometry/geometry.sty
Package: geometry 2020/01/02 v5.9 Page Geometry

(/usr/local/texlive/2025/texmf-dist/tex/generic/iftex/ifvtex.sty
Package: ifvtex 2019/10/25 v1.7 ifvtex legacy package. Use iftex instead.
)
\Gm@cnth=\count357
\Gm@cntv=\count358
\c@Gm@tempcnt=\count359
\Gm@bindingoffset=\dimen289
\Gm@wd@mp=\dimen290
\Gm@odd@mp=\dimen291
\Gm@even@mp=\dimen292
\Gm@layoutwidth=\dimen293
\Gm@layoutheight=\dimen294
\Gm@layouthoffset=\dimen295
\Gm@layoutvoffset=\dimen296
\Gm@dimlist=\toks22


Package geometry Warning: Over-specification in `v'-direction.
    `height' (397.48499pt) is ignored.

) (./laudes-festivae.aux)
\openout1 = laudes-festivae.aux

LaTeX Font Info:    Checking defaults for OML/cmm/m/it on input line 12.
LaTeX Font Info:    ... okay on input line 12.
LaTeX Font Info:    Checking defaults for OMS/cmsy/m/n on input line 12.
LaTeX Font Info:    ... okay on input line 12.
LaTeX Font Info:    Checking defaults for OT1/cmr/m/n on input line 12.
LaTeX Font Info:    ... okay on input line 12.
LaTeX Font Info:    Checking defaults for T1/cmr/m/n on input line 12.
LaTeX Font Info:    ... okay on input line 12.
LaTeX Font Info:    Checking defaults for TS1/cmr/m/n on input line 12.
LaTeX Font Info:    ... okay on input line 12.
LaTeX Font Info:    Checking defaults for TU/lmr/m/n on input line 12.
LaTeX Font Info:    ... okay on input line 12.
LaTeX Font Info:    Checking defaults for OMX/cmex/m/n on input line 12.
LaTeX Font Info:    ... okay on input line 12.
LaTeX Font Info:    Checking defaults for U/cmr/m/n on input line 12.
LaTeX Font Info:    ... okay on input line 12.

Package fontspec Info: 
(fontspec)             Adjusting the maths setup (use [no-math] to avoid
(fontspec)             this).

\symlegacymaths=\mathgroup4
LaTeX Font Info:    Overwriting symbol font `legacymaths' in version `bold'
(Font)                  OT1/cmr/m/n --> OT1/cmr/bx/n on input line 12.
LaTeX Font Info:    Redeclaring math accent \acute on input line 12.
LaTeX Font Info:    Redeclaring math accent \grave on input line 12.
LaTeX Font Info:    Redeclaring math accent \ddot on input line 12.
LaTeX Font Info:    Redeclaring math accent \tilde on input line 12.
LaTeX Font Info:    Redeclaring math accent \bar on input line 12.
LaTeX Font Info:    Redeclaring math accent \breve on input line 12.
LaTeX Font Info:    Redeclaring math accent \check on input line 12.
LaTeX Font Info:    Redeclaring math accent \hat on input line 12.
LaTeX Font Info:    Redeclaring math accent \dot on input line 12.
LaTeX Font Info:    Redeclaring math accent \mathring on input line 12.
LaTeX Font Info:    Redeclaring math symbol \colon on input line 12.
LaTeX Font Info:    Redeclaring math symbol \Gamma on input line 12.
LaTeX Font Info:    Redeclaring math symbol \Delta on input line 12.
LaTeX Font Info:    Redeclaring math symbol \Theta on input line 12.
LaTeX Font Info:    Redeclaring math symbol \Lambda on input line 12.
LaTeX Font Info:    Redeclaring math symbol \Xi on input line 12.
LaTeX Font Info:    Redeclaring math symbol \Pi on input line 12.
LaTeX Font Info:    Redeclaring math symbol \Sigma on input line 12.
LaTeX Font Info:    Redeclaring math symbol \Upsilon on input line 12.
LaTeX Font Info:    Redeclaring math symbol \Phi on input line 12.
LaTeX Font Info:    Redeclaring math symbol \Psi on input line 12.
LaTeX Font Info:    Redeclaring math symbol \Omega on input line 12.
LaTeX Font Info:    Redeclaring math symbol \mathdollar on input line 12.
LaTeX Font Info:    Redeclaring symbol font `operators' on input line 12.
LaTeX Font Info:    Encoding `OT1' has changed to `TU' for symbol font
(Font)              `operators' in the math version `normal' on input line 12.
LaTeX Font Info:    Overwriting symbol font `operators' in version `normal'
(Font)                  OT1/cmr/m/n --> TU/PlantinMTPro(0)/m/n on input line 12
.
LaTeX Font Info:    Encoding `OT1' has changed to `TU' for symbol font
(Font)              `operators' in the math version `bold' on input line 12.
LaTeX Font Info:    Overwriting symbol font `operators' in version `bold'
(Font)                  OT1/cmr/bx/n --> TU/PlantinMTPro(0)/m/n on input line 1
2.
LaTeX Font Info:    Overwriting symbol font `operators' in version `normal'
(Font)                  TU/PlantinMTPro(0)/m/n --> TU/PlantinMTPro(0)/m/n on in
put line 12.
LaTeX Font Info:    Overwriting math alphabet `\mathit' in version `normal'
(Font)                  OT1/cmr/m/it --> TU/PlantinMTPro(0)/m/it on input line 
12.
LaTeX Font Info:    Overwriting math alphabet `\mathbf' in version `normal'
(Font)                  OT1/cmr/bx/n --> TU/PlantinMTPro(0)/b/n on input line 1
2.
LaTeX Font Info:    Overwriting math alphabet `\mathsf' in version `normal'
(Font)                  OT1/cmss/m/n --> TU/lmss/m/n on input line 12.
LaTeX Font Info:    Overwriting math alphabet `\mathtt' in version `normal'
(Font)                  OT1/cmtt/m/n --> TU/lmtt/m/n on input line 12.
LaTeX Font Info:    Overwriting symbol font `operators' in version `bold'
(Font)                  TU/PlantinMTPro(0)/m/n --> TU/PlantinMTPro(0)/b/n on in
put line 12.
LaTeX Font Info:    Overwriting math alphabet `\mathit' in version `bold'
(Font)                  OT1/cmr/bx/it --> TU/PlantinMTPro(0)/b/it on input line
 12.
LaTeX Font Info:    Overwriting math alphabet `\mathsf' in version `bold'
(Font)                  OT1/cmss/bx/n --> TU/lmss/b/n on input line 12.
LaTeX Font Info:    Overwriting math alphabet `\mathtt' in version `bold'
(Font)                  OT1/cmtt/m/n --> TU/lmtt/b/n on input line 12.

(/usr/local/texlive/2025/texmf-dist/tex/context/base/mkii/supp-pdf.mkii
[Loading MPS to PDF converter (version 2006.09.02).]
\scratchcounter=\count360
\scratchdimen=\dimen297
\scratchbox=\box116
\nofMPsegments=\count361
\nofMParguments=\count362
\everyMPshowfont=\toks23
\MPscratchCnt=\count363
\MPscratchDim=\dimen298
\MPnumerator=\count364
\makeMPintoPDFobject=\count365
\everyMPtoPDFconversion=\toks24
) (/usr/local/texlive/2025/texmf-dist/tex/latex/epstopdf-pkg/epstopdf-base.sty
Package: epstopdf-base 2020-01-24 v2.11 Base part for package epstopdf
Package epstopdf-base Info: Redefining graphics rule for `.eps' on input line 4
85.

(/usr/local/texlive/2025/texmf-dist/tex/latex/latexconfig/epstopdf-sys.cfg
File: epstopdf-sys.cfg 2010/07/13 v1.3 Configuration of (r)epstopdf for TeX Liv
e
))
*geometry* driver: auto-detecting
*geometry* detected driver: luatex
*geometry* verbose mode - [ preamble ] result:
* driver: luatex
* paper: custom
* layout: <same size as paper>
* layoutoffset:(h,v)=(0.0pt,0.0pt)
* modes: twoside 
* h-part:(L,W,R)=(25.49365pt, 369.88582pt, 38.24052pt)
* v-part:(T,H,B)=(54.2025pt, 560.0925pt, 36.135pt)
* \paperwidth=433.62pt
* \paperheight=650.43pt
* \textwidth=369.88582pt
* \textheight=560.0925pt
* \oddsidemargin=-46.77634pt
* \evensidemargin=-34.02946pt
* \topmargin=-94.84679pt
* \headheight=56.9055pt
* \headsep=19.8738pt
* \topskip=12.0pt
* \footskip=30.0pt
* \marginparwidth=98.0pt
* \marginparsep=7.0pt
* \columnsep=10.0pt
* \skip\footins=10.8pt plus 4.0pt minus 2.0pt
* \hoffset=0.0pt
* \voffset=0.0pt
* \mag=1000
* \@twocolumnfalse
* \@twosidetrue
* \@mparswitchtrue
* \@reversemarginfalse
* (1in=72.27pt=25.4mm, 1cm=28.453pt)

LaTeX Font Info:    Font shape `TU/PlantinMTPro(0)/m/n' will be
(Font)              scaled to size 27.36815pt on input line 20.
LaTeX Font Info:    Font shape `TU/PlantinMTPro(0)/m/n' will be
(Font)              scaled to size 15.84007pt on input line 24.
LaTeX Font Info:    Font shape `TU/PlantinMTPro(0)/b/n' will be
(Font)              scaled to size 15.84007pt on input line 24.
LaTeX Font Info:    Font shape `TU/PlantinMTPro(0)/m/it' will be
(Font)              scaled to size 13.20007pt on input line 28.
Module gregoriotex Info: Looking in  on input line 33
Module gregoriotex Info: Found gabc/date-1.gabc directly on input line 33
Module gregoriotex Info: Output directory: tmp-gre/gabc/ on input line 33
(./tmp-gre/gabc/date-1-6_1_0.gtex
Removing  `luaotfload.harf.finalize_vlist' from `post_linebreak_filter'.
Inserting `gregoriotex.post_linebreak' in `post_linebreak_filter'.
Inserting `luaotfload.harf.finalize_vlist' in `post_linebreak_filter'.
Inserting `gregoriotex.disable_hyphenation' in `hyphenate'.
LaTeX Font Info:    Font shape `TU/PlantinMTPro(0)/m/n' will be
(Font)              scaled to size 11.00006pt on input line 13.
LaTeX Font Info:    Font shape `TU/PlantinMTPro(0)/m/it' will be
(Font)              scaled to size 11.00006pt on input line 13.
Removing  `gregoriotex.post_linebreak' from `post_linebreak_filter'.
Removing  `gregoriotex.disable_hyphenation' from `hyphenate'.)
Module gregoriotex Info: Looking in  on input line 36
Module gregoriotex Info: Found gabc/Christmas Eve Martyrology-1.gabc directly on
 input line 36
Module gregoriotex Info: Output directory: tmp-gre/gabc/ on input line 36

(./tmp-gre/gabc/Christmas-Eve-Martyrology-1-6_1_0.gtex
LaTeX Font Info:    Font shape `TU/PlantinMTPro(0)/m/n' will be
(Font)              scaled to size 12.04506pt on input line 7.
LaTeX Font Info:    Font shape `TU/PlantinMTPro(0)/m/it' will be
(Font)              scaled to size 12.04506pt on input line 7.
Removing  `luaotfload.harf.finalize_vlist' from `post_linebreak_filter'.
Inserting `gregoriotex.post_linebreak' in `post_linebreak_filter'.
Inserting `luaotfload.harf.finalize_vlist' in `post_linebreak_filter'.
Inserting `gregoriotex.disable_hyphenation' in `hyphenate'.
LaTeX Font Info:    Font shape `TU/PlantinMTPro(0)/m/n' will be
(Font)              scaled to size 44.00024pt on input line 13.


Removing  `gregoriotex.post_linebreak' from `post_linebreak_filter'.
Removing  `gregoriotex.disable_hyphenation' from `hyphenate'.
Removing  `luaotfload.harf.finalize_vlist' from `post_linebreak_filter'.
Inserting `gregoriotex.post_linebreak' in `post_linebreak_filter'.
Inserting `luaotfload.harf.finalize_vlist' in `post_linebreak_filter'.
Inserting `gregoriotex.disable_hyphenation' in `hyphenate'.
Removing  `gregoriotex.post_linebreak' from `post_linebreak_filter'.
Removing  `gregoriotex.disable_hyphenation' from `hyphenate'.
Removing  `luaotfload.harf.finalize_vlist' from `post_linebreak_filter'.
Inserting `gregoriotex.post_linebreak' in `post_linebreak_filter'.
Inserting `luaotfload.harf.finalize_vlist' in `post_linebreak_filter'.
Inserting `gregoriotex.disable_hyphenation' in `hyphenate'. [1

{/usr/local/texlive/2025/texmf-var/fonts/map/pdftex/updmap/pdftex.map}]
Underfull \vbox (badness 10000) has occurred while \output is active []



Removing  `gregoriotex.post_linebreak' from `post_linebreak_filter'.
Removing  `gregoriotex.disable_hyphenation' from `hyphenate'.
LaTeX Font Info:    Font shape `TU/PlantinMTPro(0)/m/sl' in size <12> not avail
able
(Font)              Font shape `TU/PlantinMTPro(0)/m/it' tried instead on input
 line 2682.
LaTeX Font Info:    Font shape `TU/PlantinMTPro(0)/m/it' will be
(Font)              scaled to size 13.20007pt on input line 2682.
Removing  `luaotfload.harf.finalize_vlist' from `post_linebreak_filter'.
Inserting `gregoriotex.post_linebreak' in `post_linebreak_filter'.
Inserting `luaotfload.harf.finalize_vlist' in `post_linebreak_filter'.
Inserting `gregoriotex.disable_hyphenation' in `hyphenate'.
Removing  `gregoriotex.post_linebreak' from `post_linebreak_filter'.
Removing  `gregoriotex.disable_hyphenation' from `hyphenate'.
Removing  `luaotfload.harf.finalize_vlist' from `post_linebreak_filter'.
Inserting `gregoriotex.post_linebreak' in `post_linebreak_filter'.
Inserting `luaotfload.harf.finalize_vlist' in `post_linebreak_filter'.
Inserting `gregoriotex.disable_hyphenation' in `hyphenate'. [2]
Removing  `gregoriotex.post_linebreak' from `post_linebreak_filter'.
Removing  `gregoriotex.disable_hyphenation' from `hyphenate'.)

[3] (./laudes-festivae.aux)
 ***********
LaTeX2e <2024-11-01> patch level 2
L3 programming layer <2025-01-18>
 ***********
)

Here is how much of LuaTeX's memory you used:
 23928 strings out of 475506
 305213,953878 words of node,token memory allocated
 563 words of node memory still in use:
   4 hlist, 1 vlist, 1 rule, 2 glue, 3 kern, 3 glyph, 27 attribute, 64 glue_spec
, 6 attribute_list, 1 write, 1 user_defined nodes
   avail lists: 1:1,2:52794,3:4617,4:34,5:6990,6:539,7:7540,8:1,9:9716,10:30,11:
20
 46781 multiletter control sequences out of 65536+600000
 46 fonts using 8134111 bytes
 94i,11n,107p,647b,7866s stack positions out of 10000i,1000n,20000p,200000b,200000s
</usr/local/texlive/2025/texmf-dist/fonts/truetype/public/gregoriotex/greciliae.
ttf></Users/noahlovins/Library/Fonts/PlantinMTProRgIt.TTF></Users/noahlovins/Lib
rary/Fonts/PlantinMTProBold.TTF></Users/noahlovins/Library/Fonts/PlantinMTProRg.
TTF>
Output written on laudes-festivae.pdf (3 pages, 58975 bytes).

PDF statistics: 42 PDF objects out of 1000 (max. 8388607)
 24 compressed objects within 1 object stream
 0 named destinations out of 1000 (max. 131072)
 1 words of extra memory for PDF output out of 10000 (max. 100000000)

